<?xml version="1.0" encoding="UTF-8"?><testsuite errors="0" failures="1" name="automatizacion de rest api - pom" skipped="0" tests="1" time="6.01" timestamp="2024-05-23 01:28:46"><testcase name="consultar un usuario con metodo get"><failure message="expected:&lt;[Tanirika Kaul]&gt; but was:&lt;[David San]&gt;" type="java.lang.AssertionError">expected:&lt;[Tanirika Kaul]&gt; but was:&lt;[David San]&gt;</failure><system-err>expected:&lt;[Tanirika Kaul]&gt; but was:&lt;[David San]&gt;&#13;
com.unac.restinteractions.RestInteractions.validateDataResponse(RestInteractions.java:22)&#13;
com.unac.apis.GoRestApi.validateResponse(GoRestApi.java:21)&#13;
com.unac.stepsdefinitions.PutGoRestStepsdefinitions.seValidaQueElStatusCodeSeaYQueContengaElNombreYEmail(GetGoRestStepsdefinitions.java:21)&#13;
✽.se valida que el status code sea 200 y que contenga el nombre "David San" y email "DavidS55@gmail.com"(file:///C:/Calidad/AutomatizacionApiRest/src/test/resources/com/unac/features/get_go_rest.feature:9)&#13;
</system-err></testcase></testsuite>